{"D:\\project\\web-high-bilibili\\vue-demo-bili\\src\\App.vue": {"path":"D:\\project\\web-high-bilibili\\vue-demo-bili\\src\\App.vue","statementMap":{"0":{"start":{"line":13,"column":0},"end":{"line":13,"column":null}}},"fnMap":{},"branchMap":{},"s":{"0":0},"f":{},"b":{}}
,"D:\\project\\web-high-bilibili\\vue-demo-bili\\src\\main.js": {"path":"D:\\project\\web-high-bilibili\\vue-demo-bili\\src\\main.js","statementMap":{"0":{"start":{"line":14,"column":0},"end":{"line":14,"column":39}},"1":{"start":{"line":15,"column":0},"end":{"line":15,"column":32}},"2":{"start":{"line":17,"column":0},"end":{"line":17,"column":18}},"3":{"start":{"line":19,"column":0},"end":{"line":23,"column":17}},"4":{"start":{"line":22,"column":15},"end":{"line":22,"column":21}}},"fnMap":{"0":{"name":"(anonymous_0)","decl":{"start":{"line":22,"column":10},"end":{"line":22,"column":11}},"loc":{"start":{"line":22,"column":15},"end":{"line":22,"column":21}},"line":22}},"branchMap":{},"s":{"0":0,"1":0,"2":0,"3":0,"4":0},"f":{"0":0},"b":{},"hash":"1632384f1ec8d0470fec008c740e3d259d221d5e"}
,"D:\\project\\web-high-bilibili\\vue-demo-bili\\src\\permission.js": {"path":"D:\\project\\web-high-bilibili\\vue-demo-bili\\src\\permission.js","statementMap":{"0":{"start":{"line":6,"column":18},"end":{"line":6,"column":28}},"1":{"start":{"line":8,"column":0},"end":{"line":39,"column":2}},"2":{"start":{"line":11,"column":21},"end":{"line":11,"column":31}},"3":{"start":{"line":12,"column":4},"end":{"line":38,"column":5}},"4":{"start":{"line":13,"column":8},"end":{"line":31,"column":9}},"5":{"start":{"line":15,"column":12},"end":{"line":15,"column":31}},"6":{"start":{"line":18,"column":29},"end":{"line":18,"column":82}},"7":{"start":{"line":19,"column":12},"end":{"line":30,"column":13}},"8":{"start":{"line":20,"column":16},"end":{"line":20,"column":22}},"9":{"start":{"line":23,"column":34},"end":{"line":23,"column":70}},"10":{"start":{"line":25,"column":33},"end":{"line":25,"column":89}},"11":{"start":{"line":27,"column":16},"end":{"line":27,"column":42}},"12":{"start":{"line":29,"column":16},"end":{"line":29,"column":46}},"13":{"start":{"line":33,"column":8},"end":{"line":37,"column":9}},"14":{"start":{"line":34,"column":12},"end":{"line":34,"column":18}},"15":{"start":{"line":36,"column":12},"end":{"line":36,"column":46}}},"fnMap":{"0":{"name":"(anonymous_0)","decl":{"start":{"line":8,"column":18},"end":{"line":8,"column":19}},"loc":{"start":{"line":8,"column":44},"end":{"line":39,"column":1}},"line":8}},"branchMap":{"0":{"loc":{"start":{"line":12,"column":4},"end":{"line":38,"column":5}},"type":"if","locations":[{"start":{"line":12,"column":4},"end":{"line":38,"column":5}},{"start":{"line":12,"column":4},"end":{"line":38,"column":5}}],"line":12},"1":{"loc":{"start":{"line":13,"column":8},"end":{"line":31,"column":9}},"type":"if","locations":[{"start":{"line":13,"column":8},"end":{"line":31,"column":9}},{"start":{"line":13,"column":8},"end":{"line":31,"column":9}}],"line":13},"2":{"loc":{"start":{"line":18,"column":29},"end":{"line":18,"column":82}},"type":"binary-expr","locations":[{"start":{"line":18,"column":29},"end":{"line":18,"column":48}},{"start":{"line":18,"column":52},"end":{"line":18,"column":82}}],"line":18},"3":{"loc":{"start":{"line":19,"column":12},"end":{"line":30,"column":13}},"type":"if","locations":[{"start":{"line":19,"column":12},"end":{"line":30,"column":13}},{"start":{"line":19,"column":12},"end":{"line":30,"column":13}}],"line":19},"4":{"loc":{"start":{"line":33,"column":8},"end":{"line":37,"column":9}},"type":"if","locations":[{"start":{"line":33,"column":8},"end":{"line":37,"column":9}},{"start":{"line":33,"column":8},"end":{"line":37,"column":9}}],"line":33}},"s":{"0":0,"1":0,"2":0,"3":0,"4":0,"5":0,"6":0,"7":0,"8":0,"9":0,"10":0,"11":0,"12":0,"13":0,"14":0,"15":0},"f":{"0":0},"b":{"0":[0,0],"1":[0,0],"2":[0,0],"3":[0,0],"4":[0,0]},"hash":"acdde6e4ec4988482a9a028d1f36efb0b7441036"}
,"D:\\project\\web-high-bilibili\\vue-demo-bili\\src\\api\\user.js": {"path":"D:\\project\\web-high-bilibili\\vue-demo-bili\\src\\api\\user.js","statementMap":{"0":{"start":{"line":4,"column":2},"end":{"line":8,"column":5}},"1":{"start":{"line":12,"column":2},"end":{"line":15,"column":5}}},"fnMap":{"0":{"name":"login","decl":{"start":{"line":3,"column":16},"end":{"line":3,"column":21}},"loc":{"start":{"line":3,"column":28},"end":{"line":9,"column":1}},"line":3},"1":{"name":"getInfo","decl":{"start":{"line":11,"column":16},"end":{"line":11,"column":23}},"loc":{"start":{"line":11,"column":26},"end":{"line":16,"column":1}},"line":11}},"branchMap":{},"s":{"0":0,"1":0},"f":{"0":0,"1":0},"b":{},"hash":"9b1113a8f3609e98ba945fb1f375932ab3d7b155"}
,"D:\\project\\web-high-bilibili\\vue-demo-bili\\src\\components\\HelloWorld.vue": {"path":"D:\\project\\web-high-bilibili\\vue-demo-bili\\src\\components\\HelloWorld.vue","statementMap":{"0":{"start":{"line":23,"column":0},"end":{"line":23,"column":null}},"1":{"start":{"line":28,"column":0},"end":{"line":30,"column":null}},"2":{"start":{"line":29,"column":0},"end":{"line":29,"column":null}}},"fnMap":{"0":{"name":"(anonymous_1)","decl":{"start":{"line":22,"column":0},"end":{"line":22,"column":null}},"loc":{"start":{"line":22,"column":0},"end":{"line":26,"column":null}}},"1":{"name":"(anonymous_2)","decl":{"start":{"line":27,"column":0},"end":{"line":27,"column":null}},"loc":{"start":{"line":27,"column":0},"end":{"line":31,"column":null}}},"2":{"name":"(anonymous_3)","decl":{"start":{"line":28,"column":0},"end":{"line":28,"column":null}},"loc":{"start":{"line":28,"column":0},"end":{"line":30,"column":null}}}},"branchMap":{},"s":{"0":1,"1":1,"2":0},"f":{"0":1,"1":1,"2":0},"b":{}}
,"D:\\project\\web-high-bilibili\\vue-demo-bili\\src\\components\\Icon.vue": {"path":"D:\\project\\web-high-bilibili\\vue-demo-bili\\src\\components\\Icon.vue","statementMap":{"0":{"start":{"line":21,"column":0},"end":{"line":21,"column":null}},"1":{"start":{"line":24,"column":0},"end":{"line":28,"column":null}},"2":{"start":{"line":25,"column":0},"end":{"line":25,"column":null}},"3":{"start":{"line":27,"column":0},"end":{"line":27,"column":null}}},"fnMap":{"0":{"name":"(anonymous_1)","decl":{"start":{"line":20,"column":0},"end":{"line":20,"column":null}},"loc":{"start":{"line":20,"column":0},"end":{"line":22,"column":null}}},"1":{"name":"(anonymous_2)","decl":{"start":{"line":23,"column":0},"end":{"line":23,"column":null}},"loc":{"start":{"line":23,"column":0},"end":{"line":29,"column":null}}}},"branchMap":{"0":{"loc":{"start":{"line":24,"column":0},"end":{"line":28,"column":null}},"type":"if","locations":[{"start":{"line":24,"column":0},"end":{"line":28,"column":null}},{"start":{"line":24,"column":0},"end":{"line":28,"column":null}}]}},"s":{"0":0,"1":0,"2":0,"3":0},"f":{"0":0,"1":0},"b":{"0":[0,0]}}
,"D:\\project\\web-high-bilibili\\vue-demo-bili\\src\\components\\Kaikeba.vue": {"path":"D:\\project\\web-high-bilibili\\vue-demo-bili\\src\\components\\Kaikeba.vue","statementMap":{"0":{"start":{"line":11,"column":0},"end":{"line":11,"column":null}},"1":{"start":{"line":17,"column":0},"end":{"line":17,"column":null}},"2":{"start":{"line":21,"column":0},"end":{"line":25,"column":null}},"3":{"start":{"line":22,"column":0},"end":{"line":22,"column":null}},"4":{"start":{"line":24,"column":0},"end":{"line":24,"column":null}},"5":{"start":{"line":28,"column":0},"end":{"line":28,"column":null}}},"fnMap":{"0":{"name":"(anonymous_1)","decl":{"start":{"line":10,"column":0},"end":{"line":10,"column":null}},"loc":{"start":{"line":10,"column":0},"end":{"line":15,"column":null}}},"1":{"name":"(anonymous_2)","decl":{"start":{"line":16,"column":0},"end":{"line":16,"column":null}},"loc":{"start":{"line":16,"column":0},"end":{"line":18,"column":null}}},"2":{"name":"(anonymous_3)","decl":{"start":{"line":20,"column":0},"end":{"line":20,"column":null}},"loc":{"start":{"line":20,"column":0},"end":{"line":26,"column":null}}},"3":{"name":"(anonymous_4)","decl":{"start":{"line":27,"column":0},"end":{"line":27,"column":null}},"loc":{"start":{"line":27,"column":0},"end":{"line":29,"column":null}}}},"branchMap":{"0":{"loc":{"start":{"line":21,"column":0},"end":{"line":25,"column":null}},"type":"if","locations":[{"start":{"line":21,"column":0},"end":{"line":25,"column":null}},{"start":{"line":21,"column":0},"end":{"line":25,"column":null}}]}},"s":{"0":3,"1":2,"2":1,"3":0,"4":1,"5":0},"f":{"0":3,"1":2,"2":1,"3":0},"b":{"0":[0,1]}}
,"D:\\project\\web-high-bilibili\\vue-demo-bili\\src\\components\\SideMenu\\Item.vue": {"path":"D:\\project\\web-high-bilibili\\vue-demo-bili\\src\\components\\SideMenu\\Item.vue","statementMap":{"0":{"start":{"line":42,"column":0},"end":{"line":42,"column":null}},"1":{"start":{"line":53,"column":0},"end":{"line":53,"column":null}},"2":{"start":{"line":60,"column":0},"end":{"line":60,"column":null}},"3":{"start":{"line":65,"column":0},"end":{"line":67,"column":null}},"4":{"start":{"line":66,"column":0},"end":{"line":66,"column":null}},"5":{"start":{"line":71,"column":0},"end":{"line":71,"column":null}}},"fnMap":{"0":{"name":"(anonymous_1)","decl":{"start":{"line":52,"column":0},"end":{"line":52,"column":null}},"loc":{"start":{"line":52,"column":0},"end":{"line":56,"column":null}}},"1":{"name":"(anonymous_2)","decl":{"start":{"line":58,"column":0},"end":{"line":58,"column":null}},"loc":{"start":{"line":58,"column":0},"end":{"line":61,"column":null}}},"2":{"name":"(anonymous_3)","decl":{"start":{"line":64,"column":0},"end":{"line":64,"column":null}},"loc":{"start":{"line":64,"column":0},"end":{"line":68,"column":null}}},"3":{"name":"(anonymous_4)","decl":{"start":{"line":70,"column":0},"end":{"line":70,"column":null}},"loc":{"start":{"line":70,"column":0},"end":{"line":72,"column":null}}}},"branchMap":{"0":{"loc":{"start":{"line":60,"column":0},"end":{"line":60,"column":null}},"type":"binary-expr","locations":[{"start":{"line":60,"column":0},"end":{"line":60,"column":null}},{"start":{"line":60,"column":0},"end":{"line":60,"column":null}}]},"1":{"loc":{"start":{"line":65,"column":0},"end":{"line":67,"column":null}},"type":"if","locations":[{"start":{"line":65,"column":0},"end":{"line":67,"column":null}},{"start":{"line":65,"column":0},"end":{"line":67,"column":null}}]}},"s":{"0":0,"1":0,"2":0,"3":0,"4":0,"5":0},"f":{"0":0,"1":0,"2":0,"3":0},"b":{"0":[0,0],"1":[0,0]}}
,"D:\\project\\web-high-bilibili\\vue-demo-bili\\src\\components\\SideMenu\\index.vue": {"path":"D:\\project\\web-high-bilibili\\vue-demo-bili\\src\\components\\SideMenu\\index.vue","statementMap":{"0":{"start":{"line":17,"column":0},"end":{"line":17,"column":null}},"1":{"start":{"line":18,"column":0},"end":{"line":18,"column":null}}},"fnMap":{},"branchMap":{},"s":{"0":0,"1":0},"f":{},"b":{}}
,"D:\\project\\web-high-bilibili\\vue-demo-bili\\src\\components\\Sidebar\\Item.vue": {"path":"D:\\project\\web-high-bilibili\\vue-demo-bili\\src\\components\\Sidebar\\Item.vue","statementMap":{"0":{"start":{"line":16,"column":0},"end":{"line":16,"column":null}},"1":{"start":{"line":17,"column":0},"end":{"line":17,"column":null}},"2":{"start":{"line":19,"column":0},"end":{"line":22,"column":null}},"3":{"start":{"line":21,"column":0},"end":{"line":21,"column":null}},"4":{"start":{"line":24,"column":0},"end":{"line":26,"column":null}},"5":{"start":{"line":25,"column":0},"end":{"line":25,"column":null}},"6":{"start":{"line":27,"column":0},"end":{"line":27,"column":null}}},"fnMap":{"0":{"name":"(anonymous_1)","decl":{"start":{"line":15,"column":0},"end":{"line":15,"column":null}},"loc":{"start":{"line":15,"column":0},"end":{"line":28,"column":null}}}},"branchMap":{"0":{"loc":{"start":{"line":19,"column":0},"end":{"line":22,"column":null}},"type":"if","locations":[{"start":{"line":19,"column":0},"end":{"line":22,"column":null}},{"start":{"line":19,"column":0},"end":{"line":22,"column":null}}]},"1":{"loc":{"start":{"line":24,"column":0},"end":{"line":26,"column":null}},"type":"if","locations":[{"start":{"line":24,"column":0},"end":{"line":26,"column":null}},{"start":{"line":24,"column":0},"end":{"line":26,"column":null}}]}},"s":{"0":0,"1":0,"2":0,"3":0,"4":0,"5":0,"6":0},"f":{"0":0},"b":{"0":[0,0],"1":[0,0]}}
,"D:\\project\\web-high-bilibili\\vue-demo-bili\\src\\components\\Sidebar\\SidebarItem.vue": {"path":"D:\\project\\web-high-bilibili\\vue-demo-bili\\src\\components\\Sidebar\\SidebarItem.vue","statementMap":{"0":{"start":{"line":51,"column":0},"end":{"line":51,"column":null}},"1":{"start":{"line":52,"column":0},"end":{"line":52,"column":null}},"2":{"start":{"line":73,"column":0},"end":{"line":73,"column":null}},"3":{"start":{"line":74,"column":0},"end":{"line":74,"column":null}},"4":{"start":{"line":78,"column":0},"end":{"line":86,"column":null}},"5":{"start":{"line":79,"column":0},"end":{"line":85,"column":null}},"6":{"start":{"line":80,"column":0},"end":{"line":80,"column":null}},"7":{"start":{"line":83,"column":0},"end":{"line":83,"column":null}},"8":{"start":{"line":84,"column":0},"end":{"line":84,"column":null}},"9":{"start":{"line":89,"column":0},"end":{"line":91,"column":null}},"10":{"start":{"line":90,"column":0},"end":{"line":90,"column":null}},"11":{"start":{"line":94,"column":0},"end":{"line":97,"column":null}},"12":{"start":{"line":95,"column":0},"end":{"line":95,"column":null}},"13":{"start":{"line":96,"column":0},"end":{"line":96,"column":null}},"14":{"start":{"line":99,"column":0},"end":{"line":99,"column":null}},"15":{"start":{"line":102,"column":0},"end":{"line":102,"column":null}}},"fnMap":{"0":{"name":"(anonymous_1)","decl":{"start":{"line":72,"column":0},"end":{"line":72,"column":null}},"loc":{"start":{"line":72,"column":0},"end":{"line":75,"column":null}}},"1":{"name":"(anonymous_2)","decl":{"start":{"line":77,"column":0},"end":{"line":77,"column":null}},"loc":{"start":{"line":77,"column":0},"end":{"line":100,"column":null}}},"2":{"name":"(anonymous_3)","decl":{"start":{"line":78,"column":0},"end":{"line":78,"column":null}},"loc":{"start":{"line":78,"column":0},"end":{"line":86,"column":null}}},"3":{"name":"(anonymous_4)","decl":{"start":{"line":101,"column":0},"end":{"line":101,"column":null}},"loc":{"start":{"line":101,"column":0},"end":{"line":103,"column":null}}}},"branchMap":{"0":{"loc":{"start":{"line":77,"column":0},"end":{"line":77,"column":null}},"type":"default-arg","locations":[{"start":{"line":77,"column":0},"end":{"line":77,"column":null}}]},"1":{"loc":{"start":{"line":79,"column":0},"end":{"line":85,"column":null}},"type":"if","locations":[{"start":{"line":79,"column":0},"end":{"line":85,"column":null}},{"start":{"line":79,"column":0},"end":{"line":85,"column":null}}]},"2":{"loc":{"start":{"line":89,"column":0},"end":{"line":91,"column":null}},"type":"if","locations":[{"start":{"line":89,"column":0},"end":{"line":91,"column":null}},{"start":{"line":89,"column":0},"end":{"line":91,"column":null}}]},"3":{"loc":{"start":{"line":94,"column":0},"end":{"line":97,"column":null}},"type":"if","locations":[{"start":{"line":94,"column":0},"end":{"line":97,"column":null}},{"start":{"line":94,"column":0},"end":{"line":97,"column":null}}]}},"s":{"0":0,"1":0,"2":0,"3":0,"4":0,"5":0,"6":0,"7":0,"8":0,"9":0,"10":0,"11":0,"12":0,"13":0,"14":0,"15":0},"f":{"0":0,"1":0,"2":0,"3":0},"b":{"0":[0],"1":[0,0],"2":[0,0],"3":[0,0]}}
,"D:\\project\\web-high-bilibili\\vue-demo-bili\\src\\components\\Sidebar\\index.vue": {"path":"D:\\project\\web-high-bilibili\\vue-demo-bili\\src\\components\\Sidebar\\index.vue","statementMap":{"0":{"start":{"line":24,"column":0},"end":{"line":24,"column":null}},"1":{"start":{"line":25,"column":0},"end":{"line":25,"column":null}},"2":{"start":{"line":31,"column":0},"end":{"line":31,"column":null}},"3":{"start":{"line":32,"column":0},"end":{"line":32,"column":null}},"4":{"start":{"line":34,"column":0},"end":{"line":36,"column":null}},"5":{"start":{"line":35,"column":0},"end":{"line":35,"column":null}},"6":{"start":{"line":37,"column":0},"end":{"line":37,"column":null}},"7":{"start":{"line":40,"column":0},"end":{"line":40,"column":null}}},"fnMap":{"0":{"name":"(anonymous_1)","decl":{"start":{"line":30,"column":0},"end":{"line":30,"column":null}},"loc":{"start":{"line":30,"column":0},"end":{"line":38,"column":null}}},"1":{"name":"(anonymous_2)","decl":{"start":{"line":39,"column":0},"end":{"line":39,"column":null}},"loc":{"start":{"line":39,"column":0},"end":{"line":45,"column":null}}}},"branchMap":{"0":{"loc":{"start":{"line":34,"column":0},"end":{"line":36,"column":null}},"type":"if","locations":[{"start":{"line":34,"column":0},"end":{"line":36,"column":null}},{"start":{"line":34,"column":0},"end":{"line":36,"column":null}}]}},"s":{"0":0,"1":0,"2":0,"3":0,"4":0,"5":0,"6":0,"7":0},"f":{"0":0,"1":0},"b":{"0":[0,0]}}
,"D:\\project\\web-high-bilibili\\vue-demo-bili\\src\\directive\\permission.js": {"path":"D:\\project\\web-high-bilibili\\vue-demo-bili\\src\\directive\\permission.js","statementMap":{"0":{"start":{"line":10,"column":39},"end":{"line":10,"column":46}},"1":{"start":{"line":11,"column":4},"end":{"line":11,"column":25}},"2":{"start":{"line":13,"column":18},"end":{"line":13,"column":37}},"3":{"start":{"line":15,"column":4},"end":{"line":31,"column":5}},"4":{"start":{"line":21,"column":28},"end":{"line":23,"column":8}},"5":{"start":{"line":22,"column":8},"end":{"line":22,"column":46}},"6":{"start":{"line":26,"column":6},"end":{"line":28,"column":7}},"7":{"start":{"line":27,"column":8},"end":{"line":27,"column":55}},"8":{"start":{"line":30,"column":6},"end":{"line":30,"column":53}}},"fnMap":{"0":{"name":"(anonymous_0)","decl":{"start":{"line":8,"column":2},"end":{"line":8,"column":3}},"loc":{"start":{"line":8,"column":24},"end":{"line":32,"column":3}},"line":8},"1":{"name":"(anonymous_1)","decl":{"start":{"line":21,"column":39},"end":{"line":21,"column":40}},"loc":{"start":{"line":21,"column":49},"end":{"line":23,"column":7}},"line":21}},"branchMap":{"0":{"loc":{"start":{"line":15,"column":4},"end":{"line":31,"column":5}},"type":"if","locations":[{"start":{"line":15,"column":4},"end":{"line":31,"column":5}},{"start":{"line":15,"column":4},"end":{"line":31,"column":5}}],"line":15},"1":{"loc":{"start":{"line":16,"column":6},"end":{"line":18,"column":32}},"type":"binary-expr","locations":[{"start":{"line":16,"column":6},"end":{"line":16,"column":21}},{"start":{"line":17,"column":6},"end":{"line":17,"column":38}},{"start":{"line":18,"column":6},"end":{"line":18,"column":32}}],"line":16},"2":{"loc":{"start":{"line":26,"column":6},"end":{"line":28,"column":7}},"type":"if","locations":[{"start":{"line":26,"column":6},"end":{"line":28,"column":7}},{"start":{"line":26,"column":6},"end":{"line":28,"column":7}}],"line":26},"3":{"loc":{"start":{"line":27,"column":8},"end":{"line":27,"column":54}},"type":"binary-expr","locations":[{"start":{"line":27,"column":8},"end":{"line":27,"column":21}},{"start":{"line":27,"column":25},"end":{"line":27,"column":54}}],"line":27}},"s":{"0":0,"1":0,"2":0,"3":0,"4":0,"5":0,"6":0,"7":0,"8":0},"f":{"0":0,"1":0},"b":{"0":[0,0],"1":[0,0,0],"2":[0,0],"3":[0,0]},"hash":"cbfe3389c97077412125cbad817b5041b84c12cd"}
,"D:\\project\\web-high-bilibili\\vue-demo-bili\\src\\icons\\index.js": {"path":"D:\\project\\web-high-bilibili\\vue-demo-bili\\src\\icons\\index.js","statementMap":{"0":{"start":{"line":7,"column":12},"end":{"line":7,"column":53}},"1":{"start":{"line":8,"column":0},"end":{"line":8,"column":23}},"2":{"start":{"line":9,"column":0},"end":{"line":9,"column":19}},"3":{"start":{"line":12,"column":0},"end":{"line":12,"column":27}}},"fnMap":{},"branchMap":{},"s":{"0":0,"1":0,"2":0,"3":0},"f":{},"b":{},"hash":"1889000ef73146c979c729be6c4433dffd8f1a4f"}
,"D:\\project\\web-high-bilibili\\vue-demo-bili\\src\\layout\\index.vue": {"path":"D:\\project\\web-high-bilibili\\vue-demo-bili\\src\\layout\\index.vue","statementMap":{"0":{"start":{"line":11,"column":0},"end":{"line":11,"column":null}},"1":{"start":{"line":12,"column":0},"end":{"line":12,"column":null}}},"fnMap":{},"branchMap":{},"s":{"0":0,"1":0},"f":{},"b":{}}
,"D:\\project\\web-high-bilibili\\vue-demo-bili\\src\\router\\index.js": {"path":"D:\\project\\web-high-bilibili\\vue-demo-bili\\src\\router\\index.js","statementMap":{"0":{"start":{"line":5,"column":0},"end":{"line":5,"column":16}},"1":{"start":{"line":9,"column":27},"end":{"line":43,"column":1}},"2":{"start":{"line":12,"column":21},"end":{"line":12,"column":44}},"3":{"start":{"line":24,"column":10},"end":{"line":24,"column":66}},"4":{"start":{"line":34,"column":10},"end":{"line":34,"column":66}},"5":{"start":{"line":46,"column":27},"end":{"line":78,"column":1}},"6":{"start":{"line":55,"column":10},"end":{"line":55,"column":67}},"7":{"start":{"line":67,"column":10},"end":{"line":67,"column":67}},"8":{"start":{"line":93,"column":19},"end":{"line":93,"column":73}},"9":{"start":{"line":97,"column":2},"end":{"line":97,"column":48}},"10":{"start":{"line":98,"column":2},"end":{"line":100,"column":3}},"11":{"start":{"line":99,"column":4},"end":{"line":99,"column":72}},"12":{"start":{"line":99,"column":51},"end":{"line":99,"column":70}},"13":{"start":{"line":101,"column":2},"end":{"line":101,"column":15}}},"fnMap":{"0":{"name":"(anonymous_0)","decl":{"start":{"line":12,"column":15},"end":{"line":12,"column":16}},"loc":{"start":{"line":12,"column":21},"end":{"line":12,"column":44}},"line":12},"1":{"name":"(anonymous_1)","decl":{"start":{"line":23,"column":19},"end":{"line":23,"column":20}},"loc":{"start":{"line":24,"column":10},"end":{"line":24,"column":66}},"line":24},"2":{"name":"(anonymous_2)","decl":{"start":{"line":33,"column":19},"end":{"line":33,"column":20}},"loc":{"start":{"line":34,"column":10},"end":{"line":34,"column":66}},"line":34},"3":{"name":"(anonymous_3)","decl":{"start":{"line":54,"column":19},"end":{"line":54,"column":20}},"loc":{"start":{"line":55,"column":10},"end":{"line":55,"column":67}},"line":55},"4":{"name":"(anonymous_4)","decl":{"start":{"line":66,"column":19},"end":{"line":66,"column":20}},"loc":{"start":{"line":67,"column":10},"end":{"line":67,"column":67}},"line":67},"5":{"name":"mapComponent","decl":{"start":{"line":96,"column":16},"end":{"line":96,"column":28}},"loc":{"start":{"line":96,"column":36},"end":{"line":102,"column":1}},"line":96},"6":{"name":"(anonymous_6)","decl":{"start":{"line":99,"column":40},"end":{"line":99,"column":41}},"loc":{"start":{"line":99,"column":51},"end":{"line":99,"column":70}},"line":99}},"branchMap":{"0":{"loc":{"start":{"line":98,"column":2},"end":{"line":100,"column":3}},"type":"if","locations":[{"start":{"line":98,"column":2},"end":{"line":100,"column":3}},{"start":{"line":98,"column":2},"end":{"line":100,"column":3}}],"line":98}},"s":{"0":0,"1":0,"2":0,"3":0,"4":0,"5":0,"6":0,"7":0,"8":0,"9":0,"10":0,"11":0,"12":0,"13":0},"f":{"0":0,"1":0,"2":0,"3":0,"4":0,"5":0,"6":0},"b":{"0":[0,0]},"hash":"58e8f2c594476675c2fef210a2b39488f23816df"}
,"D:\\project\\web-high-bilibili\\vue-demo-bili\\src\\store\\index.js": {"path":"D:\\project\\web-high-bilibili\\vue-demo-bili\\src\\store\\index.js","statementMap":{"0":{"start":{"line":6,"column":0},"end":{"line":6,"column":14}},"1":{"start":{"line":15,"column":22},"end":{"line":15,"column":38}},"2":{"start":{"line":16,"column":22},"end":{"line":16,"column":38}},"3":{"start":{"line":17,"column":34},"end":{"line":17,"column":57}}},"fnMap":{"0":{"name":"(anonymous_0)","decl":{"start":{"line":15,"column":11},"end":{"line":15,"column":12}},"loc":{"start":{"line":15,"column":22},"end":{"line":15,"column":38}},"line":15},"1":{"name":"(anonymous_1)","decl":{"start":{"line":16,"column":11},"end":{"line":16,"column":12}},"loc":{"start":{"line":16,"column":22},"end":{"line":16,"column":38}},"line":16},"2":{"name":"(anonymous_2)","decl":{"start":{"line":17,"column":23},"end":{"line":17,"column":24}},"loc":{"start":{"line":17,"column":34},"end":{"line":17,"column":57}},"line":17}},"branchMap":{},"s":{"0":0,"1":0,"2":0,"3":0},"f":{"0":0,"1":0,"2":0},"b":{},"hash":"459d99735ca699bef44423a76160e9d82ce6ef27"}
,"D:\\project\\web-high-bilibili\\vue-demo-bili\\src\\store\\permission.js": {"path":"D:\\project\\web-high-bilibili\\vue-demo-bili\\src\\store\\permission.js","statementMap":{"0":{"start":{"line":10,"column":4},"end":{"line":16,"column":5}},"1":{"start":{"line":12,"column":8},"end":{"line":12,"column":66}},"2":{"start":{"line":12,"column":34},"end":{"line":12,"column":65}},"3":{"start":{"line":15,"column":8},"end":{"line":15,"column":19}},"4":{"start":{"line":25,"column":16},"end":{"line":25,"column":18}},"5":{"start":{"line":27,"column":4},"end":{"line":38,"column":6}},"6":{"start":{"line":29,"column":20},"end":{"line":29,"column":32}},"7":{"start":{"line":31,"column":8},"end":{"line":37,"column":9}},"8":{"start":{"line":33,"column":12},"end":{"line":35,"column":13}},"9":{"start":{"line":34,"column":16},"end":{"line":34,"column":69}},"10":{"start":{"line":36,"column":12},"end":{"line":36,"column":25}},"11":{"start":{"line":39,"column":4},"end":{"line":39,"column":14}},"12":{"start":{"line":42,"column":14},"end":{"line":45,"column":1}},"13":{"start":{"line":47,"column":18},"end":{"line":54,"column":1}},"14":{"start":{"line":50,"column":8},"end":{"line":50,"column":32}},"15":{"start":{"line":52,"column":8},"end":{"line":52,"column":49}},"16":{"start":{"line":56,"column":16},"end":{"line":72,"column":1}},"17":{"start":{"line":59,"column":8},"end":{"line":70,"column":10}},"18":{"start":{"line":62,"column":12},"end":{"line":67,"column":13}},"19":{"start":{"line":63,"column":16},"end":{"line":63,"column":50}},"20":{"start":{"line":66,"column":16},"end":{"line":66,"column":70}},"21":{"start":{"line":68,"column":12},"end":{"line":68,"column":48}},"22":{"start":{"line":69,"column":12},"end":{"line":69,"column":35}}},"fnMap":{"0":{"name":"hasPermission","decl":{"start":{"line":8,"column":9},"end":{"line":8,"column":22}},"loc":{"start":{"line":8,"column":37},"end":{"line":17,"column":1}},"line":8},"1":{"name":"(anonymous_1)","decl":{"start":{"line":12,"column":26},"end":{"line":12,"column":27}},"loc":{"start":{"line":12,"column":34},"end":{"line":12,"column":65}},"line":12},"2":{"name":"filterAsyncRoutes","decl":{"start":{"line":24,"column":16},"end":{"line":24,"column":33}},"loc":{"start":{"line":24,"column":49},"end":{"line":40,"column":1}},"line":24},"3":{"name":"(anonymous_3)","decl":{"start":{"line":27,"column":19},"end":{"line":27,"column":20}},"loc":{"start":{"line":27,"column":28},"end":{"line":38,"column":5}},"line":27},"4":{"name":"(anonymous_4)","decl":{"start":{"line":48,"column":16},"end":{"line":48,"column":17}},"loc":{"start":{"line":48,"column":35},"end":{"line":53,"column":5}},"line":48},"5":{"name":"(anonymous_5)","decl":{"start":{"line":58,"column":4},"end":{"line":58,"column":5}},"loc":{"start":{"line":58,"column":38},"end":{"line":71,"column":5}},"line":58},"6":{"name":"(anonymous_6)","decl":{"start":{"line":59,"column":27},"end":{"line":59,"column":28}},"loc":{"start":{"line":59,"column":38},"end":{"line":70,"column":9}},"line":59}},"branchMap":{"0":{"loc":{"start":{"line":10,"column":4},"end":{"line":16,"column":5}},"type":"if","locations":[{"start":{"line":10,"column":4},"end":{"line":16,"column":5}},{"start":{"line":10,"column":4},"end":{"line":16,"column":5}}],"line":10},"1":{"loc":{"start":{"line":10,"column":8},"end":{"line":10,"column":38}},"type":"binary-expr","locations":[{"start":{"line":10,"column":8},"end":{"line":10,"column":18}},{"start":{"line":10,"column":22},"end":{"line":10,"column":38}}],"line":10},"2":{"loc":{"start":{"line":31,"column":8},"end":{"line":37,"column":9}},"type":"if","locations":[{"start":{"line":31,"column":8},"end":{"line":37,"column":9}},{"start":{"line":31,"column":8},"end":{"line":37,"column":9}}],"line":31},"3":{"loc":{"start":{"line":33,"column":12},"end":{"line":35,"column":13}},"type":"if","locations":[{"start":{"line":33,"column":12},"end":{"line":35,"column":13}},{"start":{"line":33,"column":12},"end":{"line":35,"column":13}}],"line":33},"4":{"loc":{"start":{"line":62,"column":12},"end":{"line":67,"column":13}},"type":"if","locations":[{"start":{"line":62,"column":12},"end":{"line":67,"column":13}},{"start":{"line":62,"column":12},"end":{"line":67,"column":13}}],"line":62},"5":{"loc":{"start":{"line":63,"column":33},"end":{"line":63,"column":50}},"type":"binary-expr","locations":[{"start":{"line":63,"column":33},"end":{"line":63,"column":44}},{"start":{"line":63,"column":48},"end":{"line":63,"column":50}}],"line":63}},"s":{"0":0,"1":0,"2":0,"3":0,"4":0,"5":0,"6":0,"7":0,"8":0,"9":0,"10":0,"11":0,"12":0,"13":0,"14":0,"15":0,"16":0,"17":0,"18":0,"19":0,"20":0,"21":0,"22":0},"f":{"0":0,"1":0,"2":0,"3":0,"4":0,"5":0,"6":0},"b":{"0":[0,0],"1":[0,0],"2":[0,0],"3":[0,0],"4":[0,0],"5":[0,0]},"hash":"a5ed72d32fff4ab88df5038aa67246ed3ecf1b6e"}
,"D:\\project\\web-high-bilibili\\vue-demo-bili\\src\\store\\user.js": {"path":"D:\\project\\web-high-bilibili\\vue-demo-bili\\src\\store\\user.js","statementMap":{"0":{"start":{"line":4,"column":14},"end":{"line":8,"column":1}},"1":{"start":{"line":10,"column":18},"end":{"line":17,"column":1}},"2":{"start":{"line":12,"column":4},"end":{"line":12,"column":24}},"3":{"start":{"line":15,"column":4},"end":{"line":15,"column":24}},"4":{"start":{"line":19,"column":16},"end":{"line":65,"column":1}},"5":{"start":{"line":23,"column":4},"end":{"line":26,"column":7}},"6":{"start":{"line":24,"column":6},"end":{"line":24,"column":36}},"7":{"start":{"line":25,"column":6},"end":{"line":25,"column":25}},"8":{"start":{"line":43,"column":4},"end":{"line":46,"column":7}},"9":{"start":{"line":44,"column":6},"end":{"line":44,"column":33}},"10":{"start":{"line":45,"column":6},"end":{"line":45,"column":23}},"11":{"start":{"line":58,"column":4},"end":{"line":63,"column":7}},"12":{"start":{"line":59,"column":6},"end":{"line":59,"column":30}},"13":{"start":{"line":60,"column":6},"end":{"line":60,"column":30}},"14":{"start":{"line":61,"column":6},"end":{"line":61,"column":20}},"15":{"start":{"line":62,"column":6},"end":{"line":62,"column":16}}},"fnMap":{"0":{"name":"(anonymous_0)","decl":{"start":{"line":11,"column":13},"end":{"line":11,"column":14}},"loc":{"start":{"line":11,"column":31},"end":{"line":13,"column":3}},"line":11},"1":{"name":"(anonymous_1)","decl":{"start":{"line":14,"column":13},"end":{"line":14,"column":14}},"loc":{"start":{"line":14,"column":31},"end":{"line":16,"column":3}},"line":14},"2":{"name":"(anonymous_2)","decl":{"start":{"line":21,"column":2},"end":{"line":21,"column":3}},"loc":{"start":{"line":21,"column":30},"end":{"line":39,"column":3}},"line":21},"3":{"name":"(anonymous_3)","decl":{"start":{"line":23,"column":32},"end":{"line":23,"column":33}},"loc":{"start":{"line":23,"column":41},"end":{"line":26,"column":5}},"line":23},"4":{"name":"(anonymous_4)","decl":{"start":{"line":42,"column":2},"end":{"line":42,"column":3}},"loc":{"start":{"line":42,"column":29},"end":{"line":54,"column":3}},"line":42},"5":{"name":"(anonymous_5)","decl":{"start":{"line":43,"column":37},"end":{"line":43,"column":38}},"loc":{"start":{"line":43,"column":58},"end":{"line":46,"column":5}},"line":43},"6":{"name":"(anonymous_6)","decl":{"start":{"line":57,"column":2},"end":{"line":57,"column":3}},"loc":{"start":{"line":57,"column":26},"end":{"line":64,"column":3}},"line":57},"7":{"name":"(anonymous_7)","decl":{"start":{"line":58,"column":23},"end":{"line":58,"column":24}},"loc":{"start":{"line":58,"column":36},"end":{"line":63,"column":5}},"line":58}},"branchMap":{},"s":{"0":0,"1":0,"2":0,"3":0,"4":0,"5":0,"6":0,"7":0,"8":0,"9":0,"10":0,"11":0,"12":0,"13":0,"14":0,"15":0},"f":{"0":0,"1":0,"2":0,"3":0,"4":0,"5":0,"6":0,"7":0},"b":{},"hash":"46426567032ed71fd6636218077d2f8e7343b689"}
,"D:\\project\\web-high-bilibili\\vue-demo-bili\\src\\utils\\auth.js": {"path":"D:\\project\\web-high-bilibili\\vue-demo-bili\\src\\utils\\auth.js","statementMap":{"0":{"start":{"line":4,"column":4},"end":{"line":4,"column":31}},"1":{"start":{"line":8,"column":4},"end":{"line":8,"column":38}},"2":{"start":{"line":12,"column":4},"end":{"line":12,"column":34}}},"fnMap":{"0":{"name":"getToken","decl":{"start":{"line":3,"column":16},"end":{"line":3,"column":24}},"loc":{"start":{"line":3,"column":27},"end":{"line":5,"column":1}},"line":3},"1":{"name":"setToken","decl":{"start":{"line":7,"column":16},"end":{"line":7,"column":24}},"loc":{"start":{"line":7,"column":32},"end":{"line":9,"column":1}},"line":7},"2":{"name":"removeToken","decl":{"start":{"line":11,"column":16},"end":{"line":11,"column":27}},"loc":{"start":{"line":11,"column":30},"end":{"line":13,"column":1}},"line":11}},"branchMap":{},"s":{"0":0,"1":0,"2":0},"f":{"0":0,"1":0,"2":0},"b":{},"hash":"950c08fd38b6b66546104591ac88f8c34b623a43"}
,"D:\\project\\web-high-bilibili\\vue-demo-bili\\src\\utils\\request.js": {"path":"D:\\project\\web-high-bilibili\\vue-demo-bili\\src\\utils\\request.js","statementMap":{"0":{"start":{"line":7,"column":16},"end":{"line":13,"column":2}},"1":{"start":{"line":16,"column":0},"end":{"line":33,"column":2}},"2":{"start":{"line":21,"column":4},"end":{"line":25,"column":5}},"3":{"start":{"line":23,"column":6},"end":{"line":23,"column":63}},"4":{"start":{"line":26,"column":4},"end":{"line":26,"column":18}},"5":{"start":{"line":30,"column":4},"end":{"line":30,"column":23}},"6":{"start":{"line":31,"column":4},"end":{"line":31,"column":33}},"7":{"start":{"line":36,"column":0},"end":{"line":77,"column":2}},"8":{"start":{"line":40,"column":16},"end":{"line":40,"column":29}},"9":{"start":{"line":43,"column":4},"end":{"line":66,"column":5}},"10":{"start":{"line":44,"column":6},"end":{"line":48,"column":9}},"11":{"start":{"line":51,"column":6},"end":{"line":62,"column":7}},"12":{"start":{"line":53,"column":8},"end":{"line":61,"column":11}},"13":{"start":{"line":58,"column":10},"end":{"line":60,"column":13}},"14":{"start":{"line":59,"column":12},"end":{"line":59,"column":30}},"15":{"start":{"line":63,"column":6},"end":{"line":63,"column":63}},"16":{"start":{"line":65,"column":6},"end":{"line":65,"column":17}},"17":{"start":{"line":70,"column":4},"end":{"line":74,"column":7}},"18":{"start":{"line":75,"column":4},"end":{"line":75,"column":33}}},"fnMap":{"0":{"name":"(anonymous_0)","decl":{"start":{"line":17,"column":2},"end":{"line":17,"column":3}},"loc":{"start":{"line":17,"column":14},"end":{"line":27,"column":3}},"line":17},"1":{"name":"(anonymous_1)","decl":{"start":{"line":28,"column":2},"end":{"line":28,"column":3}},"loc":{"start":{"line":28,"column":13},"end":{"line":32,"column":3}},"line":28},"2":{"name":"(anonymous_2)","decl":{"start":{"line":38,"column":2},"end":{"line":38,"column":3}},"loc":{"start":{"line":38,"column":16},"end":{"line":67,"column":3}},"line":38},"3":{"name":"(anonymous_3)","decl":{"start":{"line":57,"column":16},"end":{"line":57,"column":17}},"loc":{"start":{"line":57,"column":22},"end":{"line":61,"column":9}},"line":57},"4":{"name":"(anonymous_4)","decl":{"start":{"line":58,"column":49},"end":{"line":58,"column":50}},"loc":{"start":{"line":58,"column":55},"end":{"line":60,"column":11}},"line":58},"5":{"name":"(anonymous_5)","decl":{"start":{"line":68,"column":2},"end":{"line":68,"column":3}},"loc":{"start":{"line":68,"column":13},"end":{"line":76,"column":3}},"line":68}},"branchMap":{"0":{"loc":{"start":{"line":21,"column":4},"end":{"line":25,"column":5}},"type":"if","locations":[{"start":{"line":21,"column":4},"end":{"line":25,"column":5}},{"start":{"line":21,"column":4},"end":{"line":25,"column":5}}],"line":21},"1":{"loc":{"start":{"line":43,"column":4},"end":{"line":66,"column":5}},"type":"if","locations":[{"start":{"line":43,"column":4},"end":{"line":66,"column":5}},{"start":{"line":43,"column":4},"end":{"line":66,"column":5}}],"line":43},"2":{"loc":{"start":{"line":45,"column":17},"end":{"line":45,"column":39}},"type":"binary-expr","locations":[{"start":{"line":45,"column":17},"end":{"line":45,"column":28}},{"start":{"line":45,"column":32},"end":{"line":45,"column":39}}],"line":45},"3":{"loc":{"start":{"line":51,"column":6},"end":{"line":62,"column":7}},"type":"if","locations":[{"start":{"line":51,"column":6},"end":{"line":62,"column":7}},{"start":{"line":51,"column":6},"end":{"line":62,"column":7}}],"line":51},"4":{"loc":{"start":{"line":51,"column":10},"end":{"line":51,"column":72}},"type":"binary-expr","locations":[{"start":{"line":51,"column":10},"end":{"line":51,"column":28}},{"start":{"line":51,"column":32},"end":{"line":51,"column":50}},{"start":{"line":51,"column":54},"end":{"line":51,"column":72}}],"line":51},"5":{"loc":{"start":{"line":63,"column":38},"end":{"line":63,"column":60}},"type":"binary-expr","locations":[{"start":{"line":63,"column":38},"end":{"line":63,"column":49}},{"start":{"line":63,"column":53},"end":{"line":63,"column":60}}],"line":63}},"s":{"0":0,"1":0,"2":0,"3":0,"4":0,"5":0,"6":0,"7":0,"8":0,"9":0,"10":0,"11":0,"12":0,"13":0,"14":0,"15":0,"16":0,"17":0,"18":0},"f":{"0":0,"1":0,"2":0,"3":0,"4":0,"5":0},"b":{"0":[0,0],"1":[0,0],"2":[0,0],"3":[0,0],"4":[0,0,0],"5":[0,0]},"hash":"01d98352f6c54697bf07af2848ac41c6293761a6"}
,"D:\\project\\web-high-bilibili\\vue-demo-bili\\src\\views\\Login.vue": {"path":"D:\\project\\web-high-bilibili\\vue-demo-bili\\src\\views\\Login.vue","statementMap":{"0":{"start":{"line":11,"column":0},"end":{"line":11,"column":null}},"1":{"start":{"line":17,"column":0},"end":{"line":26,"column":null}},"2":{"start":{"line":20,"column":0},"end":{"line":20,"column":null}},"3":{"start":{"line":25,"column":0},"end":{"line":25,"column":null}}},"fnMap":{"0":{"name":"(anonymous_1)","decl":{"start":{"line":10,"column":0},"end":{"line":10,"column":null}},"loc":{"start":{"line":10,"column":0},"end":{"line":14,"column":null}}},"1":{"name":"(anonymous_2)","decl":{"start":{"line":16,"column":0},"end":{"line":16,"column":null}},"loc":{"start":{"line":16,"column":0},"end":{"line":27,"column":null}}},"2":{"name":"(anonymous_3)","decl":{"start":{"line":18,"column":0},"end":{"line":18,"column":null}},"loc":{"start":{"line":18,"column":0},"end":{"line":23,"column":null}}},"3":{"name":"(anonymous_4)","decl":{"start":{"line":23,"column":0},"end":{"line":23,"column":null}},"loc":{"start":{"line":23,"column":0},"end":{"line":26,"column":null}}}},"branchMap":{"0":{"loc":{"start":{"line":21,"column":0},"end":{"line":21,"column":null}},"type":"binary-expr","locations":[{"start":{"line":21,"column":0},"end":{"line":21,"column":null}},{"start":{"line":21,"column":0},"end":{"line":21,"column":null}}]}},"s":{"0":0,"1":0,"2":0,"3":0},"f":{"0":0,"1":0,"2":0,"3":0},"b":{"0":[0,0]}}
}
